[6:51:19 PM] 🚀 App initiated - Persistent logging ACTIVE.
[6:51:19 PM] 🔒 Bereite Root-Helper-Dienst vor...
[6:51:19 PM] ✅ helper.js erfolgreich in den App-Support-Ordner entpackt.
[6:51:19 PM] 🔍 Node-Pfad sicher bestimmt: /usr/local/bin/node
[7:11:20 PM] 🎯 Spiel erkannt: 📦 007FirstLight (PID: 3656)
[7:11:20 PM] 🎮 Game Active: Aggressive RAM-Guard (No Sudo) initiated.
[7:11:20 PM] ⚡️ Trigger-Engine: MAX-Boost für 007FirstLight (PID: 3656) geschrieben.
[7:11:38 PM] 🚨 WARNING: Memory Critical (270 MB free). Enforcing maximum release!
[7:11:38 PM] 🚨 Kritischer Speichermangel! Versetze MTLCompilerService temporär in den Tiefschlaf zur Entlastung...
[7:11:38 PM] 🧹 Inactive RAM and system caches successfully evacuated.
[7:11:38 PM] 🧹 Führe aggressive RAM-Evakuierung durch...
[7:11:40 PM] 🛡️ SUCCESS: MTLCompilerService erfolgreich entlastet und aufgeweckt!
[7:12:08 PM] 🚨 WARNING: Memory Critical (82 MB free). Enforcing maximum release!
[7:12:08 PM] 🚨 EMERGENCY SYSTEM OVERLOAD (Under 100MB RAM)! Executing brutal hard kill to prevent Kernel Panic...
[7:12:08 PM] 🧹 Inactive RAM and system caches successfully evacuated.
[7:12:08 PM] 🛡️ EMERGENCY CRASH PROTECTION: MTLCompilerService forcefully terminated!
[7:12:38 PM] 🚨 WARNING: Memory Critical (85 MB free). Enforcing maximum release!
[7:12:38 PM] 🚨 EMERGENCY SYSTEM OVERLOAD (Under 100MB RAM)! Executing brutal hard kill to prevent Kernel Panic...
[7:12:38 PM] 🧹 Inactive RAM and system caches successfully evacuated.
[7:12:38 PM] 🛡️ EMERGENCY CRASH PROTECTION: MTLCompilerService forcefully terminated!
[7:13:08 PM] 🚨 WARNING: Memory Critical (75 MB free). Enforcing maximum release!
[7:13:08 PM] 🚨 EMERGENCY SYSTEM OVERLOAD (Under 100MB RAM)! Executing brutal hard kill to prevent Kernel Panic...
[7:13:08 PM] 🧹 Inactive RAM and system caches successfully evacuated.
[7:13:08 PM] 🛡️ EMERGENCY CRASH PROTECTION: MTLCompilerService forcefully terminated!
[7:13:38 PM] 🚨 WARNING: Memory Critical (75 MB free). Enforcing maximum release!
[7:13:38 PM] 🚨 EMERGENCY SYSTEM OVERLOAD (Under 100MB RAM)! Executing brutal hard kill to prevent Kernel Panic...
[7:13:38 PM] 🧹 Inactive RAM and system caches successfully evacuated.
[7:13:38 PM] 🛡️ EMERGENCY CRASH PROTECTION: MTLCompilerService forcefully terminated!
[8:13:02 PM] 🚨 WARNING: Memory Critical (742 MB free). Enforcing maximum release!
[8:13:02 PM] 🧹 Inactive RAM and system caches successfully evacuated.
[8:13:32 PM] 🚨 WARNING: Memory Critical (682 MB free). Enforcing maximum release!
[8:13:32 PM] 🧹 Inactive RAM and system caches successfully evacuated.
[8:14:02 PM] 🚨 WARNING: Memory Critical (653 MB free). Enforcing maximum release!
[8:14:02 PM] 🧹 Inactive RAM and system caches successfully evacuated.
[8:14:32 PM] 🚨 WARNING: Memory Critical (459 MB free). Enforcing maximum release!
[8:14:32 PM] 🧹 Inactive RAM and system caches successfully evacuated.
[8:15:02 PM] 🚨 WARNING: Memory Critical (678 MB free). Enforcing maximum release!
[8:15:02 PM] 🧹 Inactive RAM and system caches successfully evacuated.
[8:15:32 PM] 🚨 WARNING: Memory Critical (668 MB free). Enforcing maximum release!
[8:15:32 PM] 🧹 Inactive RAM and system caches successfully evacuated.
[8:16:02 PM] 🚨 WARNING: Memory Critical (777 MB free). Enforcing maximum release!
[8:16:02 PM] 🧹 Inactive RAM and system caches successfully evacuated.
[8:16:32 PM] 🚨 WARNING: Memory Critical (628 MB free). Enforcing maximum release!
[8:16:32 PM] 🧹 Inactive RAM and system caches successfully evacuated.
[8:17:02 PM] 🚨 WARNING: Memory Critical (702 MB free). Enforcing maximum release!
[8:17:02 PM] 🧹 Inactive RAM and system caches successfully evacuated.
[8:17:32 PM] 🚨 WARNING: Memory Critical (791 MB free). Enforcing maximum release!
[8:17:32 PM] 🧹 Inactive RAM and system caches successfully evacuated.
[8:18:02 PM] 🚨 WARNING: Memory Critical (691 MB free). Enforcing maximum release!
[8:18:02 PM] 🧹 Inactive RAM and system caches successfully evacuated.
[8:18:32 PM] 🚨 WARNING: Memory Critical (954 MB free). Enforcing maximum release!
[8:18:32 PM] 🧹 Inactive RAM and system caches successfully evacuated.
[8:19:02 PM] 🚨 WARNING: Memory Critical (591 MB free). Enforcing maximum release!
[8:19:02 PM] 🧹 Inactive RAM and system caches successfully evacuated.
[8:19:32 PM] 🚨 WARNING: Memory Critical (717 MB free). Enforcing maximum release!
[8:19:32 PM] 🧹 Inactive RAM and system caches successfully evacuated.
[8:20:02 PM] 🚨 WARNING: Memory Critical (728 MB free). Enforcing maximum release!
[8:20:02 PM] 🧹 Inactive RAM and system caches successfully evacuated.
[8:20:32 PM] 🚨 WARNING: Memory Critical (762 MB free). Enforcing maximum release!
[8:20:32 PM] 🧹 Inactive RAM and system caches successfully evacuated.
[8:21:02 PM] 🚨 WARNING: Memory Critical (742 MB free). Enforcing maximum release!
[8:21:02 PM] 🧹 Inactive RAM and system caches successfully evacuated.
[8:21:36 PM] 🚨 WARNING: Memory Critical (493 MB free). Enforcing maximum release!
[8:21:36 PM] 🧹 Inactive RAM and system caches successfully evacuated.
[8:22:06 PM] 🚨 WARNING: Memory Critical (260 MB free). Enforcing maximum release!
[8:22:06 PM] 🚨 Kritischer Speichermangel! Versetze MTLCompilerService temporär in den Tiefschlaf zur Entlastung...
[8:22:06 PM] 🧹 Inactive RAM and system caches successfully evacuated.
[8:22:06 PM] 🧹 Führe aggressive RAM-Evakuierung durch...
[8:22:08 PM] 🛡️ SUCCESS: MTLCompilerService erfolgreich entlastet und aufgeweckt!
[8:22:36 PM] 🚨 WARNING: Memory Critical (625 MB free). Enforcing maximum release!
[8:22:36 PM] 🧹 Inactive RAM and system caches successfully evacuated.
[8:23:06 PM] 🚨 WARNING: Memory Critical (799 MB free). Enforcing maximum release!
[8:23:06 PM] 🧹 Inactive RAM and system caches successfully evacuated.
[8:23:39 PM] 🚨 WARNING: Memory Critical (971 MB free). Enforcing maximum release!
[8:23:39 PM] 🧹 Inactive RAM and system caches successfully evacuated.
[8:24:09 PM] 🚨 WARNING: Memory Critical (720 MB free). Enforcing maximum release!
[8:24:09 PM] 🧹 Inactive RAM and system caches successfully evacuated.
[8:24:39 PM] 🚨 WARNING: Memory Critical (619 MB free). Enforcing maximum release!
[8:24:39 PM] 🧹 Inactive RAM and system caches successfully evacuated.
[8:25:09 PM] 🚨 WARNING: Memory Critical (853 MB free). Enforcing maximum release!
[8:25:09 PM] 🧹 Inactive RAM and system caches successfully evacuated.
[8:25:39 PM] 🚨 WARNING: Memory Critical (982 MB free). Enforcing maximum release!
[8:25:39 PM] 🧹 Inactive RAM and system caches successfully evacuated.
[8:26:12 PM] 🚨 WARNING: Memory Critical (545 MB free). Enforcing maximum release!
[8:26:12 PM] 🧹 Inactive RAM and system caches successfully evacuated.
[8:26:42 PM] 🚨 WARNING: Memory Critical (664 MB free). Enforcing maximum release!
[8:26:42 PM] 🧹 Inactive RAM and system caches successfully evacuated.
[8:27:12 PM] 🚨 WARNING: Memory Critical (743 MB free). Enforcing maximum release!
[8:27:12 PM] 🧹 Inactive RAM and system caches successfully evacuated.
[8:27:42 PM] 🚨 WARNING: Memory Critical (895 MB free). Enforcing maximum release!
[8:27:42 PM] 🧹 Inactive RAM and system caches successfully evacuated.
[8:28:12 PM] 🚨 WARNING: Memory Critical (965 MB free). Enforcing maximum release!
[8:28:12 PM] 🧹 Inactive RAM and system caches successfully evacuated.
[8:28:42 PM] 🚨 WARNING: Memory Critical (965 MB free). Enforcing maximum release!
[8:28:42 PM] 🧹 Inactive RAM and system caches successfully evacuated.
[8:29:12 PM] 🚨 WARNING: Memory Critical (703 MB free). Enforcing maximum release!
[8:29:12 PM] 🧹 Inactive RAM and system caches successfully evacuated.
[8:29:42 PM] 🚨 WARNING: Memory Critical (723 MB free). Enforcing maximum release!
[8:29:42 PM] 🧹 Inactive RAM and system caches successfully evacuated.
[8:30:12 PM] 🚨 WARNING: Memory Critical (776 MB free). Enforcing maximum release!
[8:30:12 PM] 🧹 Inactive RAM and system caches successfully evacuated.
[8:30:42 PM] 🚨 WARNING: Memory Critical (805 MB free). Enforcing maximum release!
[8:30:42 PM] 🧹 Inactive RAM and system caches successfully evacuated.
[8:31:12 PM] 🚨 WARNING: Memory Critical (899 MB free). Enforcing maximum release!
[8:31:12 PM] 🧹 Inactive RAM and system caches successfully evacuated.
[8:31:42 PM] 🚨 WARNING: Memory Critical (457 MB free). Enforcing maximum release!
[8:31:42 PM] 🧹 Inactive RAM and system caches successfully evacuated.
[8:32:12 PM] 🚨 WARNING: Memory Critical (775 MB free). Enforcing maximum release!
[8:32:12 PM] 🧹 Inactive RAM and system caches successfully evacuated.
[8:32:42 PM] 🚨 WARNING: Memory Critical (998 MB free). Enforcing maximum release!
[8:32:42 PM] 🧹 Inactive RAM and system caches successfully evacuated.
[8:33:15 PM] 🚨 WARNING: Memory Critical (901 MB free). Enforcing maximum release!
[8:33:15 PM] 🧹 Inactive RAM and system caches successfully evacuated.
[8:33:45 PM] 🚨 WARNING: Memory Critical (648 MB free). Enforcing maximum release!
[8:33:45 PM] 🧹 Inactive RAM and system caches successfully evacuated.
[8:34:15 PM] 🚨 WARNING: Memory Critical (619 MB free). Enforcing maximum release!
[8:34:15 PM] 🧹 Inactive RAM and system caches successfully evacuated.
[8:34:45 PM] 🚨 WARNING: Memory Critical (777 MB free). Enforcing maximum release!
[8:34:45 PM] 🧹 Inactive RAM and system caches successfully evacuated.
[8:35:18 PM] 🚨 WARNING: Memory Critical (935 MB free). Enforcing maximum release!
[8:35:18 PM] 🧹 Inactive RAM and system caches successfully evacuated.
[8:35:48 PM] 🚨 WARNING: Memory Critical (802 MB free). Enforcing maximum release!
[8:35:48 PM] 🧹 Inactive RAM and system caches successfully evacuated.
[8:36:18 PM] 🚨 WARNING: Memory Critical (674 MB free). Enforcing maximum release!
[8:36:18 PM] 🧹 Inactive RAM and system caches successfully evacuated.
[8:36:48 PM] 🚨 WARNING: Memory Critical (270 MB free). Enforcing maximum release!
[8:36:48 PM] 🚨 Kritischer Speichermangel! Versetze MTLCompilerService temporär in den Tiefschlaf zur Entlastung...
[8:36:48 PM] 🧹 Inactive RAM and system caches successfully evacuated.
[8:36:48 PM] 🧹 Führe aggressive RAM-Evakuierung durch...
[8:36:50 PM] 🛡️ SUCCESS: MTLCompilerService erfolgreich entlastet und aufgeweckt!
[8:37:18 PM] 🚨 WARNING: Memory Critical (578 MB free). Enforcing maximum release!
[8:37:18 PM] 🧹 Inactive RAM and system caches successfully evacuated.
[8:37:48 PM] 🚨 WARNING: Memory Critical (413 MB free). Enforcing maximum release!
[8:37:48 PM] 🧹 Inactive RAM and system caches successfully evacuated.
[8:38:18 PM] 🚨 WARNING: Memory Critical (689 MB free). Enforcing maximum release!
[8:38:18 PM] 🧹 Inactive RAM and system caches successfully evacuated.
[8:38:48 PM] 🚨 WARNING: Memory Critical (963 MB free). Enforcing maximum release!
[8:38:48 PM] 🧹 Inactive RAM and system caches successfully evacuated.
[8:39:18 PM] 🚨 WARNING: Memory Critical (895 MB free). Enforcing maximum release!
[8:39:18 PM] 🧹 Inactive RAM and system caches successfully evacuated.
[8:40:12 PM] 🚨 WARNING: Memory Critical (574 MB free). Enforcing maximum release!
[8:40:12 PM] 🧹 Inactive RAM and system caches successfully evacuated.
[8:40:51 PM] 🚨 WARNING: Memory Critical (345 MB free). Enforcing maximum release!
[8:40:51 PM] 🚨 Kritischer Speichermangel! Versetze MTLCompilerService temporär in den Tiefschlaf zur Entlastung...
[8:40:51 PM] 🧹 Inactive RAM and system caches successfully evacuated.
[8:40:51 PM] 🧹 Führe aggressive RAM-Evakuierung durch...
[8:40:53 PM] 🛡️ SUCCESS: MTLCompilerService erfolgreich entlastet und aufgeweckt!
[8:41:21 PM] 🚨 WARNING: Memory Critical (246 MB free). Enforcing maximum release!
[8:41:21 PM] 🚨 Kritischer Speichermangel! Versetze MTLCompilerService temporär in den Tiefschlaf zur Entlastung...
[8:41:21 PM] 🧹 Inactive RAM and system caches successfully evacuated.
[8:41:21 PM] 🧹 Führe aggressive RAM-Evakuierung durch...
[8:41:23 PM] 🛡️ SUCCESS: MTLCompilerService erfolgreich entlastet und aufgeweckt!
[8:41:51 PM] 🚨 WARNING: Memory Critical (704 MB free). Enforcing maximum release!
[8:41:51 PM] 🧹 Inactive RAM and system caches successfully evacuated.
[8:42:21 PM] 🚨 WARNING: Memory Critical (803 MB free). Enforcing maximum release!
[8:42:21 PM] 🧹 Inactive RAM and system caches successfully evacuated.
[8:42:51 PM] 🚨 WARNING: Memory Critical (343 MB free). Enforcing maximum release!
[8:42:51 PM] 🚨 Kritischer Speichermangel! Versetze MTLCompilerService temporär in den Tiefschlaf zur Entlastung...
[8:42:52 PM] 🧹 Inactive RAM and system caches successfully evacuated.
[8:42:52 PM] 🧹 Führe aggressive RAM-Evakuierung durch...
[8:42:54 PM] 🛡️ SUCCESS: MTLCompilerService erfolgreich entlastet und aufgeweckt!
[8:43:22 PM] 🚨 WARNING: Memory Critical (689 MB free). Enforcing maximum release!
[8:43:22 PM] 🧹 Inactive RAM and system caches successfully evacuated.
[8:43:52 PM] 🚨 WARNING: Memory Critical (615 MB free). Enforcing maximum release!
[8:43:52 PM] 🧹 Inactive RAM and system caches successfully evacuated.
[8:44:22 PM] 🚨 WARNING: Memory Critical (482 MB free). Enforcing maximum release!
[8:44:22 PM] 🧹 Inactive RAM and system caches successfully evacuated.
[8:44:52 PM] 🚨 WARNING: Memory Critical (614 MB free). Enforcing maximum release!
[8:44:52 PM] 🧹 Inactive RAM and system caches successfully evacuated.
[8:45:22 PM] 🚨 WARNING: Memory Critical (484 MB free). Enforcing maximum release!
[8:45:22 PM] 🧹 Inactive RAM and system caches successfully evacuated.
[8:45:52 PM] 🚨 WARNING: Memory Critical (929 MB free). Enforcing maximum release!
[8:45:52 PM] 🧹 Inactive RAM and system caches successfully evacuated.
[8:46:22 PM] 🚨 WARNING: Memory Critical (481 MB free). Enforcing maximum release!
[8:46:22 PM] 🧹 Inactive RAM and system caches successfully evacuated.
[8:46:52 PM] 🚨 WARNING: Memory Critical (309 MB free). Enforcing maximum release!
[8:46:52 PM] 🚨 Kritischer Speichermangel! Versetze MTLCompilerService temporär in den Tiefschlaf zur Entlastung...
[8:46:52 PM] 🧹 Inactive RAM and system caches successfully evacuated.
[8:46:52 PM] 🧹 Führe aggressive RAM-Evakuierung durch...
[8:46:54 PM] 🛡️ SUCCESS: MTLCompilerService erfolgreich entlastet und aufgeweckt!
[8:47:22 PM] 🚨 WARNING: Memory Critical (731 MB free). Enforcing maximum release!
[8:47:22 PM] 🧹 Inactive RAM and system caches successfully evacuated.
[8:47:52 PM] 🚨 WARNING: Memory Critical (519 MB free). Enforcing maximum release!
[8:47:52 PM] 🧹 Inactive RAM and system caches successfully evacuated.
[8:48:22 PM] 🚨 WARNING: Memory Critical (691 MB free). Enforcing maximum release!
[8:48:22 PM] 🧹 Inactive RAM and system caches successfully evacuated.
[8:48:52 PM] 🚨 WARNING: Memory Critical (359 MB free). Enforcing maximum release!
[8:48:52 PM] 🚨 Kritischer Speichermangel! Versetze MTLCompilerService temporär in den Tiefschlaf zur Entlastung...
[8:48:52 PM] 🧹 Inactive RAM and system caches successfully evacuated.
[8:48:52 PM] 🧹 Führe aggressive RAM-Evakuierung durch...
[8:48:54 PM] 🛡️ SUCCESS: MTLCompilerService erfolgreich entlastet und aufgeweckt!
[8:49:22 PM] 🚨 WARNING: Memory Critical (692 MB free). Enforcing maximum release!
[8:49:22 PM] 🧹 Inactive RAM and system caches successfully evacuated.
[8:49:52 PM] 🚨 WARNING: Memory Critical (235 MB free). Enforcing maximum release!
[8:49:52 PM] 🚨 Kritischer Speichermangel! Versetze MTLCompilerService temporär in den Tiefschlaf zur Entlastung...
[8:49:52 PM] 🧹 Inactive RAM and system caches successfully evacuated.
[8:49:52 PM] 🧹 Führe aggressive RAM-Evakuierung durch...
[8:49:54 PM] 🛡️ SUCCESS: MTLCompilerService erfolgreich entlastet und aufgeweckt!
[8:50:22 PM] 🚨 WARNING: Memory Critical (473 MB free). Enforcing maximum release!
[8:50:22 PM] 🧹 Inactive RAM and system caches successfully evacuated.
[8:50:52 PM] 🚨 WARNING: Memory Critical (431 MB free). Enforcing maximum release!
[8:50:52 PM] 🧹 Inactive RAM and system caches successfully evacuated.
[8:51:22 PM] 🚨 WARNING: Memory Critical (415 MB free). Enforcing maximum release!
[8:51:22 PM] 🧹 Inactive RAM and system caches successfully evacuated.
[8:51:52 PM] 🚨 WARNING: Memory Critical (123 MB free). Enforcing maximum release!
[8:51:52 PM] 🚨 Kritischer Speichermangel! Versetze MTLCompilerService temporär in den Tiefschlaf zur Entlastung...
[8:51:52 PM] 🧹 Inactive RAM and system caches successfully evacuated.
[8:51:52 PM] 🧹 Führe aggressive RAM-Evakuierung durch...
[8:51:54 PM] 🛡️ SUCCESS: MTLCompilerService erfolgreich entlastet und aufgeweckt!
[8:52:22 PM] 🚨 WARNING: Memory Critical (778 MB free). Enforcing maximum release!
[8:52:22 PM] 🧹 Inactive RAM and system caches successfully evacuated.
[8:52:52 PM] 🚨 WARNING: Memory Critical (884 MB free). Enforcing maximum release!
[8:52:52 PM] 🧹 Inactive RAM and system caches successfully evacuated.
[8:53:22 PM] 🚨 WARNING: Memory Critical (678 MB free). Enforcing maximum release!
[8:53:22 PM] 🧹 Inactive RAM and system caches successfully evacuated.
[8:53:52 PM] 🚨 WARNING: Memory Critical (579 MB free). Enforcing maximum release!
[8:53:52 PM] 🧹 Inactive RAM and system caches successfully evacuated.
[8:54:22 PM] 🚨 WARNING: Memory Critical (681 MB free). Enforcing maximum release!
[8:54:22 PM] 🧹 Inactive RAM and system caches successfully evacuated.
[8:54:52 PM] 🚨 WARNING: Memory Critical (642 MB free). Enforcing maximum release!
[8:54:52 PM] 🧹 Inactive RAM and system caches successfully evacuated.
[8:55:22 PM] 🚨 WARNING: Memory Critical (927 MB free). Enforcing maximum release!
[8:55:22 PM] 🧹 Inactive RAM and system caches successfully evacuated.
[8:55:52 PM] 🚨 WARNING: Memory Critical (651 MB free). Enforcing maximum release!
[8:55:52 PM] 🧹 Inactive RAM and system caches successfully evacuated.
[8:56:22 PM] 🚨 WARNING: Memory Critical (291 MB free). Enforcing maximum release!
[8:56:22 PM] 🚨 Kritischer Speichermangel! Versetze MTLCompilerService temporär in den Tiefschlaf zur Entlastung...
[8:56:22 PM] 🧹 Inactive RAM and system caches successfully evacuated.
[8:56:22 PM] 🧹 Führe aggressive RAM-Evakuierung durch...
[8:56:24 PM] 🛡️ SUCCESS: MTLCompilerService erfolgreich entlastet und aufgeweckt!
[8:56:52 PM] 🚨 WARNING: Memory Critical (444 MB free). Enforcing maximum release!
[8:56:52 PM] 🧹 Inactive RAM and system caches successfully evacuated.
[8:57:22 PM] 🚨 WARNING: Memory Critical (380 MB free). Enforcing maximum release!
[8:57:22 PM] 🚨 Kritischer Speichermangel! Versetze MTLCompilerService temporär in den Tiefschlaf zur Entlastung...
[8:57:22 PM] 🧹 Inactive RAM and system caches successfully evacuated.
[8:57:22 PM] 🧹 Führe aggressive RAM-Evakuierung durch...
[8:57:24 PM] 🛡️ SUCCESS: MTLCompilerService erfolgreich entlastet und aufgeweckt!
[8:57:52 PM] 🚨 WARNING: Memory Critical (615 MB free). Enforcing maximum release!
[8:57:52 PM] 🧹 Inactive RAM and system caches successfully evacuated.
[8:58:22 PM] 🚨 WARNING: Memory Critical (742 MB free). Enforcing maximum release!
[8:58:22 PM] 🧹 Inactive RAM and system caches successfully evacuated.
[8:58:52 PM] 🚨 WARNING: Memory Critical (470 MB free). Enforcing maximum release!
[8:58:52 PM] 🧹 Inactive RAM and system caches successfully evacuated.
[8:59:22 PM] 🚨 WARNING: Memory Critical (263 MB free). Enforcing maximum release!
[8:59:22 PM] 🚨 Kritischer Speichermangel! Versetze MTLCompilerService temporär in den Tiefschlaf zur Entlastung...
[8:59:22 PM] 🧹 Inactive RAM and system caches successfully evacuated.
[8:59:22 PM] 🧹 Führe aggressive RAM-Evakuierung durch...
[8:59:24 PM] 🛡️ SUCCESS: MTLCompilerService erfolgreich entlastet und aufgeweckt!
[8:59:52 PM] 🚨 WARNING: Memory Critical (416 MB free). Enforcing maximum release!
[8:59:52 PM] 🧹 Inactive RAM and system caches successfully evacuated.
[9:00:22 PM] 🚨 WARNING: Memory Critical (586 MB free). Enforcing maximum release!
[9:00:22 PM] 🧹 Inactive RAM and system caches successfully evacuated.
[9:00:52 PM] 🚨 WARNING: Memory Critical (715 MB free). Enforcing maximum release!
[9:00:52 PM] 🧹 Inactive RAM and system caches successfully evacuated.
[9:01:22 PM] 🚨 WARNING: Memory Critical (564 MB free). Enforcing maximum release!
[9:01:22 PM] 🧹 Inactive RAM and system caches successfully evacuated.
[9:01:52 PM] 🚨 WARNING: Memory Critical (697 MB free). Enforcing maximum release!
[9:01:52 PM] 🧹 Inactive RAM and system caches successfully evacuated.
[9:02:22 PM] 🚨 WARNING: Memory Critical (276 MB free). Enforcing maximum release!
[9:02:22 PM] 🚨 Kritischer Speichermangel! Versetze MTLCompilerService temporär in den Tiefschlaf zur Entlastung...
[9:02:22 PM] 🧹 Inactive RAM and system caches successfully evacuated.
[9:02:22 PM] 🧹 Führe aggressive RAM-Evakuierung durch...
[9:02:24 PM] 🛡️ SUCCESS: MTLCompilerService erfolgreich entlastet und aufgeweckt!
[9:02:52 PM] 🚨 WARNING: Memory Critical (531 MB free). Enforcing maximum release!
[9:02:52 PM] 🧹 Inactive RAM and system caches successfully evacuated.
[9:03:22 PM] 🚨 WARNING: Memory Critical (380 MB free). Enforcing maximum release!
[9:03:23 PM] 🚨 Kritischer Speichermangel! Versetze MTLCompilerService temporär in den Tiefschlaf zur Entlastung...
[9:03:23 PM] 🧹 Inactive RAM and system caches successfully evacuated.
[9:03:23 PM] 🧹 Führe aggressive RAM-Evakuierung durch...
[9:03:25 PM] 🛡️ SUCCESS: MTLCompilerService erfolgreich entlastet und aufgeweckt!
[9:03:53 PM] 🚨 WARNING: Memory Critical (436 MB free). Enforcing maximum release!
[9:03:53 PM] 🧹 Inactive RAM and system caches successfully evacuated.
[9:04:23 PM] 🚨 WARNING: Memory Critical (700 MB free). Enforcing maximum release!
[9:04:23 PM] 🧹 Inactive RAM and system caches successfully evacuated.
[9:04:53 PM] 🚨 WARNING: Memory Critical (474 MB free). Enforcing maximum release!
[9:04:53 PM] 🧹 Inactive RAM and system caches successfully evacuated.
[9:05:23 PM] 🚨 WARNING: Memory Critical (639 MB free). Enforcing maximum release!
[9:05:23 PM] 🧹 Inactive RAM and system caches successfully evacuated.
[9:05:53 PM] 🚨 WARNING: Memory Critical (965 MB free). Enforcing maximum release!
[9:05:53 PM] 🧹 Inactive RAM and system caches successfully evacuated.
[9:06:23 PM] 🚨 WARNING: Memory Critical (992 MB free). Enforcing maximum release!
[9:06:23 PM] 🧹 Inactive RAM and system caches successfully evacuated.
[9:06:53 PM] 🚨 WARNING: Memory Critical (497 MB free). Enforcing maximum release!
[9:06:53 PM] 🧹 Inactive RAM and system caches successfully evacuated.
[9:07:23 PM] 🚨 WARNING: Memory Critical (675 MB free). Enforcing maximum release!
[9:07:23 PM] 🧹 Inactive RAM and system caches successfully evacuated.
[9:07:53 PM] 🚨 WARNING: Memory Critical (625 MB free). Enforcing maximum release!
[9:07:53 PM] 🧹 Inactive RAM and system caches successfully evacuated.
[9:08:23 PM] 🚨 WARNING: Memory Critical (894 MB free). Enforcing maximum release!
[9:08:23 PM] 🧹 Inactive RAM and system caches successfully evacuated.
[9:08:53 PM] 🚨 WARNING: Memory Critical (860 MB free). Enforcing maximum release!
[9:08:53 PM] 🧹 Inactive RAM and system caches successfully evacuated.
[9:09:23 PM] 🚨 WARNING: Memory Critical (694 MB free). Enforcing maximum release!
[9:09:23 PM] 🧹 Inactive RAM and system caches successfully evacuated.
[9:09:53 PM] 🚨 WARNING: Memory Critical (687 MB free). Enforcing maximum release!
[9:09:53 PM] 🧹 Inactive RAM and system caches successfully evacuated.
[9:10:23 PM] 🚨 WARNING: Memory Critical (833 MB free). Enforcing maximum release!
[9:10:23 PM] 🧹 Inactive RAM and system caches successfully evacuated.
[9:10:53 PM] 🚨 WARNING: Memory Critical (665 MB free). Enforcing maximum release!
[9:10:53 PM] 🧹 Inactive RAM and system caches successfully evacuated.
[9:11:23 PM] 🚨 WARNING: Memory Critical (731 MB free). Enforcing maximum release!
[9:11:23 PM] 🧹 Inactive RAM and system caches successfully evacuated.
[9:11:53 PM] 🚨 WARNING: Memory Critical (279 MB free). Enforcing maximum release!
[9:11:53 PM] 🚨 Kritischer Speichermangel! Versetze MTLCompilerService temporär in den Tiefschlaf zur Entlastung...
[9:11:53 PM] 🧹 Inactive RAM and system caches successfully evacuated.
[9:11:53 PM] 🧹 Führe aggressive RAM-Evakuierung durch...
[9:11:55 PM] 🛡️ SUCCESS: MTLCompilerService erfolgreich entlastet und aufgeweckt!
[9:12:23 PM] 🚨 WARNING: Memory Critical (372 MB free). Enforcing maximum release!
[9:12:23 PM] 🚨 Kritischer Speichermangel! Versetze MTLCompilerService temporär in den Tiefschlaf zur Entlastung...
[9:12:23 PM] 🧹 Inactive RAM and system caches successfully evacuated.
[9:12:23 PM] 🧹 Führe aggressive RAM-Evakuierung durch...
[9:12:25 PM] 🛡️ SUCCESS: MTLCompilerService erfolgreich entlastet und aufgeweckt!
[9:12:53 PM] 🚨 WARNING: Memory Critical (775 MB free). Enforcing maximum release!
[9:12:53 PM] 🧹 Inactive RAM and system caches successfully evacuated.
[9:13:23 PM] 🚨 WARNING: Memory Critical (694 MB free). Enforcing maximum release!
[9:13:23 PM] 🧹 Inactive RAM and system caches successfully evacuated.
[9:13:53 PM] 🚨 WARNING: Memory Critical (941 MB free). Enforcing maximum release!
[9:13:53 PM] 🧹 Inactive RAM and system caches successfully evacuated.
[9:14:23 PM] 🚨 WARNING: Memory Critical (197 MB free). Enforcing maximum release!
[9:14:23 PM] 🚨 Kritischer Speichermangel! Versetze MTLCompilerService temporär in den Tiefschlaf zur Entlastung...
[9:14:23 PM] 🧹 Inactive RAM and system caches successfully evacuated.
[9:14:23 PM] 🧹 Führe aggressive RAM-Evakuierung durch...
[9:14:25 PM] 🛡️ SUCCESS: MTLCompilerService erfolgreich entlastet und aufgeweckt!
[9:14:53 PM] 🚨 WARNING: Memory Critical (441 MB free). Enforcing maximum release!
[9:14:53 PM] 🧹 Inactive RAM and system caches successfully evacuated.
[9:15:23 PM] 🚨 WARNING: Memory Critical (693 MB free). Enforcing maximum release!
[9:15:23 PM] 🧹 Inactive RAM and system caches successfully evacuated.
[9:15:53 PM] 🚨 WARNING: Memory Critical (920 MB free). Enforcing maximum release!
[9:15:53 PM] 🧹 Inactive RAM and system caches successfully evacuated.
[9:16:23 PM] 🚨 WARNING: Memory Critical (545 MB free). Enforcing maximum release!
[9:16:23 PM] 🧹 Inactive RAM and system caches successfully evacuated.
[9:16:53 PM] 🚨 WARNING: Memory Critical (567 MB free). Enforcing maximum release!
[9:16:53 PM] 🧹 Inactive RAM and system caches successfully evacuated.
[9:17:23 PM] 🚨 WARNING: Memory Critical (352 MB free). Enforcing maximum release!
[9:17:23 PM] 🚨 Kritischer Speichermangel! Versetze MTLCompilerService temporär in den Tiefschlaf zur Entlastung...
[9:17:23 PM] 🧹 Inactive RAM and system caches successfully evacuated.
[9:17:23 PM] 🧹 Führe aggressive RAM-Evakuierung durch...
[9:17:25 PM] 🛡️ SUCCESS: MTLCompilerService erfolgreich entlastet und aufgeweckt!
[9:17:56 PM] 🚨 WARNING: Memory Critical (773 MB free). Enforcing maximum release!
[9:17:56 PM] 🧹 Inactive RAM and system caches successfully evacuated.
[9:18:26 PM] 🚨 WARNING: Memory Critical (816 MB free). Enforcing maximum release!
[9:18:26 PM] 🧹 Inactive RAM and system caches successfully evacuated.
[9:18:56 PM] 🚨 WARNING: Memory Critical (998 MB free). Enforcing maximum release!
[9:18:56 PM] 🧹 Inactive RAM and system caches successfully evacuated.
[9:19:26 PM] 🚨 WARNING: Memory Critical (789 MB free). Enforcing maximum release!
[9:19:26 PM] 🧹 Inactive RAM and system caches successfully evacuated.
[9:19:56 PM] 🚨 WARNING: Memory Critical (696 MB free). Enforcing maximum release!
[9:19:56 PM] 🧹 Inactive RAM and system caches successfully evacuated.
[9:20:26 PM] 🚨 WARNING: Memory Critical (778 MB free). Enforcing maximum release!
[9:20:26 PM] 🧹 Inactive RAM and system caches successfully evacuated.
[9:20:56 PM] 🚨 WARNING: Memory Critical (909 MB free). Enforcing maximum release!
[9:20:56 PM] 🧹 Inactive RAM and system caches successfully evacuated.
[9:21:26 PM] 🚨 WARNING: Memory Critical (783 MB free). Enforcing maximum release!
[9:21:26 PM] 🧹 Inactive RAM and system caches successfully evacuated.
[9:21:56 PM] 🚨 WARNING: Memory Critical (456 MB free). Enforcing maximum release!
[9:21:56 PM] 🧹 Inactive RAM and system caches successfully evacuated.
[9:22:26 PM] 🚨 WARNING: Memory Critical (555 MB free). Enforcing maximum release!
[9:22:26 PM] 🧹 Inactive RAM and system caches successfully evacuated.
[9:22:56 PM] 🚨 WARNING: Memory Critical (575 MB free). Enforcing maximum release!
[9:22:56 PM] 🧹 Inactive RAM and system caches successfully evacuated.
[9:23:29 PM] 🚨 WARNING: Memory Critical (964 MB free). Enforcing maximum release!
[9:23:29 PM] 🧹 Inactive RAM and system caches successfully evacuated.
[9:23:59 PM] 🚨 WARNING: Memory Critical (797 MB free). Enforcing maximum release!
[9:23:59 PM] 🧹 Inactive RAM and system caches successfully evacuated.
[9:24:38 PM] 🚨 WARNING: Memory Critical (966 MB free). Enforcing maximum release!
[9:24:39 PM] 🧹 Inactive RAM and system caches successfully evacuated.
[9:25:09 PM] 🚨 WARNING: Memory Critical (709 MB free). Enforcing maximum release!
[9:25:09 PM] 🧹 Inactive RAM and system caches successfully evacuated.
[9:25:39 PM] 🚨 WARNING: Memory Critical (711 MB free). Enforcing maximum release!
[9:25:39 PM] 🧹 Inactive RAM and system caches successfully evacuated.
[9:26:09 PM] 🚨 WARNING: Memory Critical (267 MB free). Enforcing maximum release!
[9:26:09 PM] 🚨 Kritischer Speichermangel! Versetze MTLCompilerService temporär in den Tiefschlaf zur Entlastung...
[9:26:09 PM] 🧹 Inactive RAM and system caches successfully evacuated.
[9:26:09 PM] 🧹 Führe aggressive RAM-Evakuierung durch...
[9:26:11 PM] 🛡️ SUCCESS: MTLCompilerService erfolgreich entlastet und aufgeweckt!
[9:26:39 PM] 🚨 WARNING: Memory Critical (798 MB free). Enforcing maximum release!
[9:26:39 PM] 🧹 Inactive RAM and system caches successfully evacuated.
[9:27:09 PM] 🚨 WARNING: Memory Critical (451 MB free). Enforcing maximum release!
[9:27:09 PM] 🧹 Inactive RAM and system caches successfully evacuated.
[9:27:39 PM] 🚨 WARNING: Memory Critical (536 MB free). Enforcing maximum release!
[9:27:39 PM] 🧹 Inactive RAM and system caches successfully evacuated.
[9:28:09 PM] 🚨 WARNING: Memory Critical (228 MB free). Enforcing maximum release!
[9:28:09 PM] 🚨 Kritischer Speichermangel! Versetze MTLCompilerService temporär in den Tiefschlaf zur Entlastung...
[9:28:09 PM] 🧹 Inactive RAM and system caches successfully evacuated.
[9:28:09 PM] 🧹 Führe aggressive RAM-Evakuierung durch...
[9:28:11 PM] 🛡️ SUCCESS: MTLCompilerService erfolgreich entlastet und aufgeweckt!
[9:28:39 PM] 🚨 WARNING: Memory Critical (439 MB free). Enforcing maximum release!
[9:28:39 PM] 🧹 Inactive RAM and system caches successfully evacuated.
[9:29:09 PM] 🚨 WARNING: Memory Critical (491 MB free). Enforcing maximum release!
[9:29:09 PM] 🧹 Inactive RAM and system caches successfully evacuated.
[9:29:42 PM] 🚨 WARNING: Memory Critical (990 MB free). Enforcing maximum release!
[9:29:42 PM] 🧹 Inactive RAM and system caches successfully evacuated.
[9:30:12 PM] 🚨 WARNING: Memory Critical (508 MB free). Enforcing maximum release!
[9:30:12 PM] 🧹 Inactive RAM and system caches successfully evacuated.
[9:30:42 PM] 🚨 WARNING: Memory Critical (529 MB free). Enforcing maximum release!
[9:30:42 PM] 🧹 Inactive RAM and system caches successfully evacuated.
[9:31:12 PM] 🚨 WARNING: Memory Critical (79 MB free). Enforcing maximum release!
[9:31:12 PM] 🚨 EMERGENCY SYSTEM OVERLOAD (Under 100MB RAM)! Executing brutal hard kill to prevent Kernel Panic...
[9:31:12 PM] 🧹 Inactive RAM and system caches successfully evacuated.
[9:31:12 PM] 🛡️ EMERGENCY CRASH PROTECTION: MTLCompilerService forcefully terminated!
[9:31:42 PM] 🚨 WARNING: Memory Critical (641 MB free). Enforcing maximum release!
[9:31:42 PM] 🧹 Inactive RAM and system caches successfully evacuated.
[9:32:12 PM] 🚨 WARNING: Memory Critical (881 MB free). Enforcing maximum release!
[9:32:12 PM] 🧹 Inactive RAM and system caches successfully evacuated.
[9:32:42 PM] 🚨 WARNING: Memory Critical (816 MB free). Enforcing maximum release!
[9:32:42 PM] 🧹 Inactive RAM and system caches successfully evacuated.
[9:33:12 PM] 🚨 WARNING: Memory Critical (901 MB free). Enforcing maximum release!
[9:33:12 PM] 🧹 Inactive RAM and system caches successfully evacuated.
[9:33:42 PM] 🚨 WARNING: Memory Critical (322 MB free). Enforcing maximum release!
[9:33:42 PM] 🚨 Kritischer Speichermangel! Versetze MTLCompilerService temporär in den Tiefschlaf zur Entlastung...
[9:33:42 PM] 🧹 Inactive RAM and system caches successfully evacuated.
[9:33:42 PM] 🧹 Führe aggressive RAM-Evakuierung durch...
[9:33:44 PM] 🛡️ SUCCESS: MTLCompilerService erfolgreich entlastet und aufgeweckt!
[9:34:12 PM] 🚨 WARNING: Memory Critical (602 MB free). Enforcing maximum release!
[9:34:12 PM] 🧹 Inactive RAM and system caches successfully evacuated.
[9:34:42 PM] 🚨 WARNING: Memory Critical (170 MB free). Enforcing maximum release!
[9:34:42 PM] 🚨 Kritischer Speichermangel! Versetze MTLCompilerService temporär in den Tiefschlaf zur Entlastung...
[9:34:42 PM] 🧹 Inactive RAM and system caches successfully evacuated.
[9:34:42 PM] 🧹 Führe aggressive RAM-Evakuierung durch...
[9:34:44 PM] 🛡️ SUCCESS: MTLCompilerService erfolgreich entlastet und aufgeweckt!
[9:35:18 PM] 🚨 WARNING: Memory Critical (802 MB free). Enforcing maximum release!
[9:35:18 PM] 🧹 Inactive RAM and system caches successfully evacuated.
[9:35:48 PM] 🚨 WARNING: Memory Critical (768 MB free). Enforcing maximum release!
[9:35:48 PM] 🧹 Inactive RAM and system caches successfully evacuated.
[9:36:18 PM] 🚨 WARNING: Memory Critical (841 MB free). Enforcing maximum release!
[9:36:18 PM] 🧹 Inactive RAM and system caches successfully evacuated.
[9:36:48 PM] 🚨 WARNING: Memory Critical (707 MB free). Enforcing maximum release!
[9:36:48 PM] 🧹 Inactive RAM and system caches successfully evacuated.
[9:37:18 PM] 🚨 WARNING: Memory Critical (989 MB free). Enforcing maximum release!
[9:37:18 PM] 🧹 Inactive RAM and system caches successfully evacuated.
[9:37:51 PM] 🚨 WARNING: Memory Critical (284 MB free). Enforcing maximum release!
[9:37:51 PM] 🚨 Kritischer Speichermangel! Versetze MTLCompilerService temporär in den Tiefschlaf zur Entlastung...
[9:37:51 PM] 🧹 Inactive RAM and system caches successfully evacuated.
[9:37:51 PM] 🧹 Führe aggressive RAM-Evakuierung durch...
[9:37:53 PM] 🛡️ SUCCESS: MTLCompilerService erfolgreich entlastet und aufgeweckt!
[9:38:21 PM] 🚨 WARNING: Memory Critical (684 MB free). Enforcing maximum release!
[9:38:21 PM] 🧹 Inactive RAM and system caches successfully evacuated.
[9:38:51 PM] 🚨 WARNING: Memory Critical (851 MB free). Enforcing maximum release!
[9:38:51 PM] 🧹 Inactive RAM and system caches successfully evacuated.
[9:39:21 PM] 🚨 WARNING: Memory Critical (900 MB free). Enforcing maximum release!
[9:39:21 PM] 🧹 Inactive RAM and system caches successfully evacuated.
[9:39:57 PM] 🚨 WARNING: Memory Critical (747 MB free). Enforcing maximum release!
[9:39:57 PM] 🧹 Inactive RAM and system caches successfully evacuated.
[9:40:27 PM] 🚨 WARNING: Memory Critical (581 MB free). Enforcing maximum release!
[9:40:27 PM] 🧹 Inactive RAM and system caches successfully evacuated.
[9:40:57 PM] 🚨 WARNING: Memory Critical (964 MB free). Enforcing maximum release!
[9:40:57 PM] 🧹 Inactive RAM and system caches successfully evacuated.
[9:41:27 PM] 🚨 WARNING: Memory Critical (866 MB free). Enforcing maximum release!
[9:41:27 PM] 🧹 Inactive RAM and system caches successfully evacuated.
[9:42:03 PM] 🚨 WARNING: Memory Critical (752 MB free). Enforcing maximum release!
[9:42:03 PM] 🧹 Inactive RAM and system caches successfully evacuated.
[9:42:33 PM] 🚨 WARNING: Memory Critical (797 MB free). Enforcing maximum release!
[9:42:33 PM] 🧹 Inactive RAM and system caches successfully evacuated.
[9:43:03 PM] 🚨 WARNING: Memory Critical (904 MB free). Enforcing maximum release!
[9:43:03 PM] 🧹 Inactive RAM and system caches successfully evacuated.
[9:43:33 PM] 🚨 WARNING: Memory Critical (504 MB free). Enforcing maximum release!
[9:43:33 PM] 🧹 Inactive RAM and system caches successfully evacuated.
[9:44:03 PM] 🚨 WARNING: Memory Critical (674 MB free). Enforcing maximum release!
[9:44:03 PM] 🧹 Inactive RAM and system caches successfully evacuated.
[9:44:34 PM] 🚨 WARNING: Memory Critical (267 MB free). Enforcing maximum release!
[9:44:34 PM] 🚨 Kritischer Speichermangel! Versetze MTLCompilerService temporär in den Tiefschlaf zur Entlastung...
[9:44:34 PM] 🧹 Inactive RAM and system caches successfully evacuated.
[9:44:34 PM] 🧹 Führe aggressive RAM-Evakuierung durch...
[9:44:36 PM] 🛡️ SUCCESS: MTLCompilerService erfolgreich entlastet und aufgeweckt!
[9:45:04 PM] 🚨 WARNING: Memory Critical (393 MB free). Enforcing maximum release!
[9:45:04 PM] 🚨 Kritischer Speichermangel! Versetze MTLCompilerService temporär in den Tiefschlaf zur Entlastung...
[9:45:04 PM] 🧹 Inactive RAM and system caches successfully evacuated.
[9:45:04 PM] 🧹 Führe aggressive RAM-Evakuierung durch...
[9:45:06 PM] 🛡️ SUCCESS: MTLCompilerService erfolgreich entlastet und aufgeweckt!
[9:45:34 PM] 🚨 WARNING: Memory Critical (506 MB free). Enforcing maximum release!
[9:45:34 PM] 🧹 Inactive RAM and system caches successfully evacuated.
[9:46:04 PM] 🚨 WARNING: Memory Critical (788 MB free). Enforcing maximum release!
[9:46:04 PM] 🧹 Inactive RAM and system caches successfully evacuated.
[9:46:34 PM] 🚨 WARNING: Memory Critical (454 MB free). Enforcing maximum release!
[9:46:34 PM] 🧹 Inactive RAM and system caches successfully evacuated.
[9:47:04 PM] 🚨 WARNING: Memory Critical (809 MB free). Enforcing maximum release!
[9:47:04 PM] 🧹 Inactive RAM and system caches successfully evacuated.
[9:47:34 PM] 🚨 WARNING: Memory Critical (626 MB free). Enforcing maximum release!
[9:47:34 PM] 🧹 Inactive RAM and system caches successfully evacuated.
[9:48:04 PM] 🚨 WARNING: Memory Critical (781 MB free). Enforcing maximum release!
[9:48:04 PM] 🧹 Inactive RAM and system caches successfully evacuated.
[9:48:34 PM] 🚨 WARNING: Memory Critical (636 MB free). Enforcing maximum release!
[9:48:34 PM] 🧹 Inactive RAM and system caches successfully evacuated.
[9:49:04 PM] 🚨 WARNING: Memory Critical (563 MB free). Enforcing maximum release!
[9:49:04 PM] 🧹 Inactive RAM and system caches successfully evacuated.
[9:49:34 PM] 🚨 WARNING: Memory Critical (657 MB free). Enforcing maximum release!
[9:49:34 PM] 🧹 Inactive RAM and system caches successfully evacuated.
[9:50:04 PM] 🚨 WARNING: Memory Critical (539 MB free). Enforcing maximum release!
[9:50:04 PM] 🧹 Inactive RAM and system caches successfully evacuated.
[9:50:34 PM] 🚨 WARNING: Memory Critical (604 MB free). Enforcing maximum release!
[9:50:34 PM] 🧹 Inactive RAM and system caches successfully evacuated.
[9:51:07 PM] 🚨 WARNING: Memory Critical (712 MB free). Enforcing maximum release!
[9:51:07 PM] 🧹 Inactive RAM and system caches successfully evacuated.
[9:51:37 PM] 🚨 WARNING: Memory Critical (592 MB free). Enforcing maximum release!
[9:51:37 PM] 🧹 Inactive RAM and system caches successfully evacuated.
[9:52:07 PM] 🚨 WARNING: Memory Critical (676 MB free). Enforcing maximum release!
[9:52:07 PM] 🧹 Inactive RAM and system caches successfully evacuated.
[9:52:37 PM] 🚨 WARNING: Memory Critical (463 MB free). Enforcing maximum release!
[9:52:37 PM] 🧹 Inactive RAM and system caches successfully evacuated.
[9:53:07 PM] 🚨 WARNING: Memory Critical (641 MB free). Enforcing maximum release!
[9:53:07 PM] 🧹 Inactive RAM and system caches successfully evacuated.
[9:53:37 PM] 🚨 WARNING: Memory Critical (723 MB free). Enforcing maximum release!
[9:53:37 PM] 🧹 Inactive RAM and system caches successfully evacuated.
[9:54:07 PM] 🚨 WARNING: Memory Critical (879 MB free). Enforcing maximum release!
[9:54:07 PM] 🧹 Inactive RAM and system caches successfully evacuated.
[9:54:37 PM] 🚨 WARNING: Memory Critical (164 MB free). Enforcing maximum release!
[9:54:37 PM] 🚨 Kritischer Speichermangel! Versetze MTLCompilerService temporär in den Tiefschlaf zur Entlastung...
[9:54:37 PM] 🧹 Inactive RAM and system caches successfully evacuated.
[9:54:37 PM] 🧹 Führe aggressive RAM-Evakuierung durch...
[9:54:39 PM] 🛡️ SUCCESS: MTLCompilerService erfolgreich entlastet und aufgeweckt!
[9:55:07 PM] 🚨 WARNING: Memory Critical (320 MB free). Enforcing maximum release!
[9:55:07 PM] 🚨 Kritischer Speichermangel! Versetze MTLCompilerService temporär in den Tiefschlaf zur Entlastung...
[9:55:07 PM] 🧹 Inactive RAM and system caches successfully evacuated.
[9:55:07 PM] 🧹 Führe aggressive RAM-Evakuierung durch...
[9:55:09 PM] 🛡️ SUCCESS: MTLCompilerService erfolgreich entlastet und aufgeweckt!
[9:55:37 PM] 🚨 WARNING: Memory Critical (422 MB free). Enforcing maximum release!
[9:55:37 PM] 🧹 Inactive RAM and system caches successfully evacuated.
[9:56:07 PM] 🚨 WARNING: Memory Critical (567 MB free). Enforcing maximum release!
[9:56:07 PM] 🧹 Inactive RAM and system caches successfully evacuated.
[9:56:37 PM] 🚨 WARNING: Memory Critical (600 MB free). Enforcing maximum release!
[9:56:37 PM] 🧹 Inactive RAM and system caches successfully evacuated.
[9:57:07 PM] 🚨 WARNING: Memory Critical (92 MB free). Enforcing maximum release!
[9:57:07 PM] 🚨 EMERGENCY SYSTEM OVERLOAD (Under 100MB RAM)! Executing brutal hard kill to prevent Kernel Panic...
[9:57:07 PM] 🧹 Inactive RAM and system caches successfully evacuated.
[9:57:07 PM] 🛡️ EMERGENCY CRASH PROTECTION: MTLCompilerService forcefully terminated!
[9:57:37 PM] 🚨 WARNING: Memory Critical (329 MB free). Enforcing maximum release!
[9:57:37 PM] 🚨 Kritischer Speichermangel! Versetze MTLCompilerService temporär in den Tiefschlaf zur Entlastung...
[9:57:37 PM] 🧹 Inactive RAM and system caches successfully evacuated.
[9:57:37 PM] 🧹 Führe aggressive RAM-Evakuierung durch...
[9:57:39 PM] 🛡️ SUCCESS: MTLCompilerService erfolgreich entlastet und aufgeweckt!
[9:58:07 PM] 🚨 WARNING: Memory Critical (524 MB free). Enforcing maximum release!
[9:58:07 PM] 🧹 Inactive RAM and system caches successfully evacuated.
[9:58:37 PM] 🚨 WARNING: Memory Critical (964 MB free). Enforcing maximum release!
[9:58:37 PM] 🧹 Inactive RAM and system caches successfully evacuated.
[9:59:07 PM] 🚨 WARNING: Memory Critical (420 MB free). Enforcing maximum release!
[9:59:07 PM] 🧹 Inactive RAM and system caches successfully evacuated.
[9:59:18 PM] ⏳ Game with PID 3656 terminated. Evacuated from memory.
[9:59:18 PM] 🛑 Game terminated: RAM-Guard stopped.
[9:59:18 PM] 🧹 RAM Purge: Inactive disk cache successfully cleared.
